<?xml version="1.0" encoding="UTF-8"?>
<!-- Generated by org.testng.reporters.JUnitReportReporter -->
<testsuite skipped="0" hostname="LAPTOP-NQES6T4V" name="com.cleartrip.qa.testcases.SignInPageTest" tests="1" failures="0" timestamp="26 Jan 2019 22:57:29 GMT" time="26.170" errors="0">
  <testcase name="errorTest" time="26.170" classname="com.cleartrip.qa.testcases.SignInPageTest"/>
</testsuite> <!-- com.cleartrip.qa.testcases.SignInPageTest -->
