<?xml version="1.0" encoding="UTF-8"?>
<!-- Generated by org.testng.reporters.JUnitReportReporter -->
<testsuite skipped="0" hostname="LAPTOP-NQES6T4V" name="com.cleartrip.qa.testcases.HotelSearchPageTest" tests="2" failures="0" timestamp="26 Jan 2019 18:28:48 GMT" time="65.586" errors="0">
  <testcase name="HotelSearchPageValidationTest" time="29.498" classname="com.cleartrip.qa.testcases.HotelSearchPageTest"/>
  <testcase name="fillHotelSearchFormTest" time="36.088" classname="com.cleartrip.qa.testcases.HotelSearchPageTest"/>
</testsuite> <!-- com.cleartrip.qa.testcases.HotelSearchPageTest -->
