<?xml version="1.0" encoding="UTF-8"?>
<!-- Generated by org.testng.reporters.JUnitReportReporter -->
<testsuite skipped="0" hostname="LAPTOP-NQES6T4V" name="com.cleartrip.qa.testcases.HomePageTest" tests="1" failures="0" timestamp="26 Jan 2019 18:46:28 GMT" time="21.912" errors="0">
  <testcase name="searchFlightTest" time="21.912" classname="com.cleartrip.qa.testcases.HomePageTest"/>
</testsuite> <!-- com.cleartrip.qa.testcases.HomePageTest -->
