<?xml version="1.0" encoding="UTF-8"?>
<!-- Generated by org.testng.reporters.JUnitReportReporter -->
<testsuite skipped="0" hostname="LAPTOP-NQES6T4V" name="com.cleartrip.qa.base.ClearTripBase" tests="1" failures="0" timestamp="25 Jan 2019 14:44:08 GMT" time="68.817" errors="0">
  <testcase name="setDriverPath" time="68.817" classname="com.cleartrip.qa.base.ClearTripBase"/>
</testsuite> <!-- com.cleartrip.qa.base.ClearTripBase -->
